<?xml version="1.0" encoding="UTF-8"?>
<!-- Generated by org.testng.reporters.JUnitXMLReporter -->
<testsuite ignored="0" hostname="DESKTOP-1TN4REB" failures="0" tests="5" name="Login Selenium Test" time="62.672" errors="0" timestamp="19 velj 2021 19:02:27 GMT">
  <testcase classname="FirstTest" name="logInTest" time="5.31"/>
  <testcase classname="SecondTest" name="addToShoppingCartTest" time="6.143"/>
  <testcase classname="ThirdTest" name="addTwoItemsToShoppingCartTest" time="7.602"/>
  <testcase classname="FourthTest" name="addRemoveItemsInShoppingCartTest" time="8.915"/>
  <testcase classname="FifthTest" name="changeProfileDataTest" time="8.011"/>
</testsuite> <!-- Login Selenium Test -->
